Determining if the pthread_create exist failed with the following output:
Change Dir: /home/hojat/position_hold_estimate/sandbox/position_hold_estimate/build/CMakeFiles/CMakeTmp

Run Build Command:/usr/bin/make "cmTryCompileExec546059421/fast"
make[1]: Entering directory `/home/hojat/position_hold_estimate/sandbox/position_hold_estimate/build/CMakeFiles/CMakeTmp'
/usr/bin/make -f CMakeFiles/cmTryCompileExec546059421.dir/build.make CMakeFiles/cmTryCompileExec546059421.dir/build
make[2]: Entering directory `/home/hojat/position_hold_estimate/sandbox/position_hold_estimate/build/CMakeFiles/CMakeTmp'
/usr/bin/cmake -E cmake_progress_report /home/hojat/position_hold_estimate/sandbox/position_hold_estimate/build/CMakeFiles/CMakeTmp/CMakeFiles 1
Building C object CMakeFiles/cmTryCompileExec546059421.dir/CheckSymbolExists.c.o
/usr/bin/cc    -o CMakeFiles/cmTryCompileExec546059421.dir/CheckSymbolExists.c.o   -c /home/hojat/position_hold_estimate/sandbox/position_hold_estimate/build/CMakeFiles/CMakeTmp/CheckSymbolExists.c
Linking C executable cmTryCompileExec546059421
/usr/bin/cmake -E cmake_link_script CMakeFiles/cmTryCompileExec546059421.dir/link.txt --verbose=1
/usr/bin/cc       CMakeFiles/cmTryCompileExec546059421.dir/CheckSymbolExists.c.o  -o cmTryCompileExec546059421 -rdynamic 
CMakeFiles/cmTryCompileExec546059421.dir/CheckSymbolExists.c.o: In function `main':
CheckSymbolExists.c:(.text+0x16): undefined reference to `pthread_create'
collect2: error: ld returned 1 exit status
make[2]: *** [cmTryCompileExec546059421] Error 1
make[2]: Leaving directory `/home/hojat/position_hold_estimate/sandbox/position_hold_estimate/build/CMakeFiles/CMakeTmp'
make[1]: *** [cmTryCompileExec546059421/fast] Error 2
make[1]: Leaving directory `/home/hojat/position_hold_estimate/sandbox/position_hold_estimate/build/CMakeFiles/CMakeTmp'

File /home/hojat/position_hold_estimate/sandbox/position_hold_estimate/build/CMakeFiles/CMakeTmp/CheckSymbolExists.c:
/* */
#include <pthread.h>

int main(int argc, char** argv)
{
  (void)argv;
#ifndef pthread_create
  return ((int*)(&pthread_create))[argc];
#else
  (void)argc;
  return 0;
#endif
}

Determining if the function pthread_create exists in the pthreads failed with the following output:
Change Dir: /home/hojat/position_hold_estimate/sandbox/position_hold_estimate/build/CMakeFiles/CMakeTmp

Run Build Command:/usr/bin/make "cmTryCompileExec2639989857/fast"
make[1]: Entering directory `/home/hojat/position_hold_estimate/sandbox/position_hold_estimate/build/CMakeFiles/CMakeTmp'
/usr/bin/make -f CMakeFiles/cmTryCompileExec2639989857.dir/build.make CMakeFiles/cmTryCompileExec2639989857.dir/build
make[2]: Entering directory `/home/hojat/position_hold_estimate/sandbox/position_hold_estimate/build/CMakeFiles/CMakeTmp'
/usr/bin/cmake -E cmake_progress_report /home/hojat/position_hold_estimate/sandbox/position_hold_estimate/build/CMakeFiles/CMakeTmp/CMakeFiles 1
Building C object CMakeFiles/cmTryCompileExec2639989857.dir/CheckFunctionExists.c.o
/usr/bin/cc   -DCHECK_FUNCTION_EXISTS=pthread_create   -o CMakeFiles/cmTryCompileExec2639989857.dir/CheckFunctionExists.c.o   -c /usr/share/cmake-2.8/Modules/CheckFunctionExists.c
Linking C executable cmTryCompileExec2639989857
/usr/bin/cmake -E cmake_link_script CMakeFiles/cmTryCompileExec2639989857.dir/link.txt --verbose=1
/usr/bin/cc   -DCHECK_FUNCTION_EXISTS=pthread_create    CMakeFiles/cmTryCompileExec2639989857.dir/CheckFunctionExists.c.o  -o cmTryCompileExec2639989857 -rdynamic -lpthreads 
/usr/bin/ld: cannot find -lpthreads
collect2: error: ld returned 1 exit status
make[2]: *** [cmTryCompileExec2639989857] Error 1
make[2]: Leaving directory `/home/hojat/position_hold_estimate/sandbox/position_hold_estimate/build/CMakeFiles/CMakeTmp'
make[1]: *** [cmTryCompileExec2639989857/fast] Error 2
make[1]: Leaving directory `/home/hojat/position_hold_estimate/sandbox/position_hold_estimate/build/CMakeFiles/CMakeTmp'


